{
  "numFailedTestSuites": 0,
  "numFailedTests": 0,
  "numPassedTestSuites": 6,
  "numPassedTests": 9,
  "numPendingTestSuites": 0,
  "numPendingTests": 0,
  "numRuntimeErrorTestSuites": 0,
  "numTodoTests": 0,
  "numTotalTestSuites": 6,
  "numTotalTests": 9,
  "openHandles": [],
  "snapshot": {
    "added": 0,
    "didUpdate": false,
    "failure": false,
    "filesAdded": 0,
    "filesRemoved": 0,
    "filesRemovedList": [],
    "filesUnmatched": 0,
    "filesUpdated": 0,
    "matched": 0,
    "total": 0,
    "unchecked": 0,
    "uncheckedKeysByFile": [],
    "unmatched": 0,
    "updated": 0
  },
  "startTime": 1613596935189,
  "success": false,
  "testResults": [
    {
      "failureMessage": null,
      "numFailingTests": 0,
      "numPassingTests": 1,
      "numPendingTests": 0,
      "numTodoTests": 0,
      "perfStats": {
        "end": 1613597084417,
        "start": 1613597009730
      },
      "snapshot": {
        "added": 0,
        "fileDeleted": false,
        "matched": 0,
        "unchecked": 0,
        "unmatched": 0,
        "updated": 0,
        "uncheckedKeys": []
      },
      "testFilePath": "C:\\Users\\Nasir\\Desktop\\Tahir\\ponyracer\\tests\\unit\\components\\Race.spec.ts",
      "testResults": [
        {
          "ancestorTitles": [
            "Race.vue"
          ],
          "duration": 121,
          "failureMessages": [],
          "fullName": "Race.vue should display a race name and its ponies",
          "location": null,
          "numPassingAsserts": 0,
          "status": "passed",
          "title": "should display a race name and its ponies"
        }
      ],
      "skipped": false,
      "leaks": false
    },
    {
      "failureMessage": null,
      "numFailingTests": 0,
      "numPassingTests": 1,
      "numPendingTests": 0,
      "numTodoTests": 0,
      "perfStats": {
        "end": 1613597084469,
        "start": 1613597009731
      },
      "snapshot": {
        "added": 0,
        "fileDeleted": false,
        "matched": 0,
        "unchecked": 0,
        "unmatched": 0,
        "updated": 0,
        "uncheckedKeys": []
      },
      "testFilePath": "C:\\Users\\Nasir\\Desktop\\Tahir\\ponyracer\\tests\\unit\\views\\Races.spec.ts",
      "testResults": [
        {
          "ancestorTitles": [
            "Races.vue"
          ],
          "duration": 207,
          "failureMessages": [],
          "fullName": "Races.vue should display every race name in a title",
          "location": null,
          "numPassingAsserts": 0,
          "status": "passed",
          "title": "should display every race name in a title"
        }
      ],
      "skipped": false,
      "leaks": false
    },
    {
      "failureMessage": null,
      "numFailingTests": 0,
      "numPassingTests": 3,
      "numPendingTests": 0,
      "numTodoTests": 0,
      "perfStats": {
        "end": 1613597084978,
        "start": 1613597009731
      },
      "snapshot": {
        "added": 0,
        "fileDeleted": false,
        "matched": 0,
        "unchecked": 0,
        "unmatched": 0,
        "updated": 0,
        "uncheckedKeys": []
      },
      "testFilePath": "C:\\Users\\Nasir\\Desktop\\Tahir\\ponyracer\\tests\\unit\\App.spec.ts",
      "testResults": [
        {
          "ancestorTitles": [
            "App.vue"
          ],
          "duration": 248,
          "failureMessages": [],
          "fullName": "App.vue renders a title",
          "location": null,
          "numPassingAsserts": 0,
          "status": "passed",
          "title": "renders a title"
        },
        {
          "ancestorTitles": [
            "App.vue"
          ],
          "duration": 82,
          "failureMessages": [],
          "fullName": "App.vue renders the navbar",
          "location": null,
          "numPassingAsserts": 0,
          "status": "passed",
          "title": "renders the navbar"
        },
        {
          "ancestorTitles": [
            "App.vue"
          ],
          "duration": 231,
          "failureMessages": [],
          "fullName": "App.vue renders the races list",
          "location": null,
          "numPassingAsserts": 0,
          "status": "passed",
          "title": "renders the races list"
        }
      ],
      "skipped": false,
      "leaks": false
    },
    {
      "failureMessage": null,
      "numFailingTests": 0,
      "numPassingTests": 2,
      "numPendingTests": 0,
      "numTodoTests": 0,
      "perfStats": {
        "end": 1613597085697,
        "start": 1613597084819
      },
      "snapshot": {
        "added": 0,
        "fileDeleted": false,
        "matched": 0,
        "unchecked": 0,
        "unmatched": 0,
        "updated": 0,
        "uncheckedKeys": []
      },
      "testFilePath": "C:\\Users\\Nasir\\Desktop\\Tahir\\ponyracer\\tests\\unit\\components\\Pony.spec.ts",
      "testResults": [
        {
          "ancestorTitles": [
            "Pony.vue"
          ],
          "duration": 21,
          "failureMessages": [],
          "fullName": "Pony.vue should display an image and a legend",
          "location": null,
          "numPassingAsserts": 0,
          "status": "passed",
          "title": "should display an image and a legend"
        },
        {
          "ancestorTitles": [
            "Pony.vue"
          ],
          "duration": 15,
          "failureMessages": [],
          "fullName": "Pony.vue should emit an event on click",
          "location": null,
          "numPassingAsserts": 0,
          "status": "passed",
          "title": "should emit an event on click"
        }
      ],
      "skipped": false,
      "leaks": false
    },
    {
      "failureMessage": null,
      "numFailingTests": 0,
      "numPassingTests": 1,
      "numPendingTests": 0,
      "numTodoTests": 0,
      "perfStats": {
        "end": 1613597087258,
        "start": 1613597086062
      },
      "snapshot": {
        "added": 0,
        "fileDeleted": false,
        "matched": 0,
        "unchecked": 0,
        "unmatched": 0,
        "updated": 0,
        "uncheckedKeys": []
      },
      "testFilePath": "C:\\Users\\Nasir\\Desktop\\Tahir\\ponyracer\\tests\\unit\\utils\\FromNow.spec.ts",
      "testResults": [
        {
          "ancestorTitles": [
            "FromNow"
          ],
          "duration": 6,
          "failureMessages": [],
          "fullName": "FromNow should transform a date",
          "location": null,
          "numPassingAsserts": 0,
          "status": "passed",
          "title": "should transform a date"
        }
      ],
      "skipped": false,
      "leaks": false
    },
    {
      "failureMessage": null,
      "numFailingTests": 0,
      "numPassingTests": 1,
      "numPendingTests": 0,
      "numTodoTests": 0,
      "perfStats": {
        "end": 1613597087400,
        "start": 1613597085901
      },
      "snapshot": {
        "added": 0,
        "fileDeleted": false,
        "matched": 0,
        "unchecked": 0,
        "unmatched": 0,
        "updated": 0,
        "uncheckedKeys": []
      },
      "testFilePath": "C:\\Users\\Nasir\\Desktop\\Tahir\\ponyracer\\tests\\unit\\composables\\RaceService.spec.ts",
      "testResults": [
        {
          "ancestorTitles": [
            "useRaceService"
          ],
          "duration": 7,
          "failureMessages": [],
          "fullName": "useRaceService should list races",
          "location": null,
          "numPassingAsserts": 0,
          "status": "passed",
          "title": "should list races"
        }
      ],
      "skipped": false,
      "leaks": false
    }
  ],
  "wasInterrupted": false,
  "coverageMap": {
    "C:\\Users\\Nasir\\Desktop\\Tahir\\ponyracer\\src\\components\\Race.vue": {
      "path": "C:\\Users\\Nasir\\Desktop\\Tahir\\ponyracer\\src\\components\\Race.vue",
      "statementMap": {
        "0": {
          "start": {
            "line": 15,
            "column": 0
          },
          "end": {
            "line": 15,
            "column": null
          }
        },
        "1": {
          "start": {
            "line": 16,
            "column": 0
          },
          "end": {
            "line": 16,
            "column": null
          }
        },
        "2": {
          "start": {
            "line": 17,
            "column": 0
          },
          "end": {
            "line": 17,
            "column": null
          }
        },
        "3": {
          "start": {
            "line": 19,
            "column": 0
          },
          "end": {
            "line": 19,
            "column": 15
          }
        },
        "4": {
          "start": {
            "line": 33,
            "column": 25
          },
          "end": {
            "line": 33,
            "column": 34
          }
        },
        "5": {
          "start": {
            "line": 33,
            "column": 40
          },
          "end": {
            "line": 33,
            "column": 48
          }
        },
        "6": {
          "start": {
            "line": 35,
            "column": 4
          },
          "end": {
            "line": 35,
            "column": 16
          }
        }
      },
      "fnMap": {
        "0": {
          "name": "(anonymous_0)",
          "decl": {
            "start": {
              "line": 32,
              "column": 7
            },
            "end": {
              "line": 32,
              "column": 8
            }
          },
          "loc": {
            "start": {
              "line": 32,
              "column": 13
            },
            "end": {
              "line": 36,
              "column": null
            }
          }
        },
        "1": {
          "name": "(anonymous_1)",
          "decl": {
            "start": {
              "line": 33,
              "column": 34
            },
            "end": {
              "line": 33,
              "column": 40
            }
          },
          "loc": {
            "start": {
              "line": 33,
              "column": 34
            },
            "end": {
              "line": 33,
              "column": null
            }
          }
        }
      },
      "branchMap": {},
      "s": {
        "0": 3,
        "1": 3,
        "2": 3,
        "3": 3,
        "4": 9,
        "5": 9,
        "6": 9
      },
      "f": {
        "0": 9,
        "1": 9
      },
      "b": {}
    },
    "C:\\Users\\Nasir\\Desktop\\Tahir\\ponyracer\\src\\utils\\FromNow.ts": {
      "path": "C:\\Users\\Nasir\\Desktop\\Tahir\\ponyracer\\src\\utils\\FromNow.ts",
      "statementMap": {
        "0": {
          "start": {
            "line": 1,
            "column": 0
          },
          "end": {
            "line": 1,
            "column": 63
          }
        },
        "1": {
          "start": {
            "line": 4,
            "column": 15
          },
          "end": {
            "line": 4,
            "column": 30
          }
        },
        "2": {
          "start": {
            "line": 5,
            "column": 2
          },
          "end": {
            "line": 5,
            "column": 62
          }
        },
        "3": {
          "start": {
            "line": 3,
            "column": 0
          },
          "end": {
            "line": 3,
            "column": 24
          }
        }
      },
      "fnMap": {
        "0": {
          "name": "fromNow",
          "decl": {
            "start": {
              "line": 3,
              "column": 24
            },
            "end": {
              "line": 3,
              "column": 31
            }
          },
          "loc": {
            "start": {
              "line": 3,
              "column": 45
            },
            "end": {
              "line": 6,
              "column": 1
            }
          }
        }
      },
      "branchMap": {},
      "s": {
        "0": 4,
        "1": 10,
        "2": 10,
        "3": 4
      },
      "f": {
        "0": 10
      },
      "b": {}
    },
    "C:\\Users\\Nasir\\Desktop\\Tahir\\ponyracer\\src\\components\\Pony.vue": {
      "path": "C:\\Users\\Nasir\\Desktop\\Tahir\\ponyracer\\src\\components\\Pony.vue",
      "statementMap": {
        "0": {
          "start": {
            "line": 10,
            "column": 0
          },
          "end": {
            "line": 10,
            "column": null
          }
        },
        "1": {
          "start": {
            "line": 12,
            "column": 0
          },
          "end": {
            "line": 12,
            "column": 15
          }
        },
        "2": {
          "start": {
            "line": 24,
            "column": 21
          },
          "end": {
            "line": 24,
            "column": 23
          }
        },
        "3": {
          "start": {
            "line": 25,
            "column": 25
          },
          "end": {
            "line": 25,
            "column": 34
          }
        },
        "4": {
          "start": {
            "line": 25,
            "column": 40
          },
          "end": {
            "line": 25,
            "column": 56
          }
        },
        "5": {
          "start": {
            "line": 28,
            "column": 6
          },
          "end": {
            "line": 28,
            "column": 10
          }
        },
        "6": {
          "start": {
            "line": 31,
            "column": 4
          },
          "end": {
            "line": 31,
            "column": 16
          }
        }
      },
      "fnMap": {
        "0": {
          "name": "(anonymous_0)",
          "decl": {
            "start": {
              "line": 24,
              "column": 7
            },
            "end": {
              "line": 24,
              "column": 8
            }
          },
          "loc": {
            "start": {
              "line": 24,
              "column": 23
            },
            "end": {
              "line": 32,
              "column": null
            }
          }
        },
        "1": {
          "name": "(anonymous_1)",
          "decl": {
            "start": {
              "line": 25,
              "column": 34
            },
            "end": {
              "line": 25,
              "column": 40
            }
          },
          "loc": {
            "start": {
              "line": 25,
              "column": 34
            },
            "end": {
              "line": 25,
              "column": null
            }
          }
        },
        "2": {
          "name": "clicked",
          "decl": {
            "start": {
              "line": 27,
              "column": 13
            },
            "end": {
              "line": 27,
              "column": 20
            }
          },
          "loc": {
            "start": {
              "line": 27,
              "column": 20
            },
            "end": {
              "line": 29,
              "column": null
            }
          }
        }
      },
      "branchMap": {},
      "s": {
        "0": 4,
        "1": 4,
        "2": 37,
        "3": 37,
        "4": 37,
        "5": 1,
        "6": 37
      },
      "f": {
        "0": 37,
        "1": 37,
        "2": 1
      },
      "b": {}
    },
    "C:\\Users\\Nasir\\Desktop\\Tahir\\ponyracer\\src\\Views\\Races.vue": {
      "path": "C:\\Users\\Nasir\\Desktop\\Tahir\\ponyracer\\src\\Views\\Races.vue",
      "statementMap": {
        "0": {
          "start": {
            "line": 8,
            "column": 0
          },
          "end": {
            "line": 8,
            "column": null
          }
        },
        "1": {
          "start": {
            "line": 10,
            "column": 0
          },
          "end": {
            "line": 10,
            "column": null
          }
        },
        "2": {
          "start": {
            "line": 11,
            "column": 0
          },
          "end": {
            "line": 11,
            "column": null
          }
        },
        "3": {
          "start": {
            "line": 13,
            "column": 0
          },
          "end": {
            "line": 13,
            "column": 15
          }
        },
        "4": {
          "start": {
            "line": 18,
            "column": 2
          },
          "end": {
            "line": 18,
            "column": 7
          }
        },
        "5": {
          "start": {
            "line": 19,
            "column": 24
          },
          "end": {
            "line": 19,
            "column": null
          }
        },
        "6": {
          "start": {
            "line": 20,
            "column": 18
          },
          "end": {
            "line": 20,
            "column": 47
          }
        },
        "7": {
          "start": {
            "line": 22,
            "column": 4
          },
          "end": {
            "line": 22,
            "column": 14
          }
        },
        "8": {
          "start": {
            "line": 22,
            "column": 14
          },
          "end": {
            "line": 22,
            "column": null
          }
        },
        "9": {
          "start": {
            "line": 23,
            "column": 6
          },
          "end": {
            "line": 23,
            "column": 12
          }
        },
        "10": {
          "start": {
            "line": 23,
            "column": 20
          },
          "end": {
            "line": 23,
            "column": 26
          }
        },
        "11": {
          "start": {
            "line": 26,
            "column": 4
          },
          "end": {
            "line": 26,
            "column": 11
          }
        }
      },
      "fnMap": {
        "0": {
          "name": "(anonymous_0)",
          "decl": {
            "start": {
              "line": 18,
              "column": 2
            },
            "end": {
              "line": 18,
              "column": 7
            }
          },
          "loc": {
            "start": {
              "line": 18,
              "column": 2
            },
            "end": {
              "line": 27,
              "column": null
            }
          }
        },
        "1": {
          "name": "(anonymous_1)",
          "decl": {
            "start": {
              "line": 22,
              "column": 14
            },
            "end": {
              "line": 22,
              "column": null
            }
          },
          "loc": {
            "start": {
              "line": 22,
              "column": 14
            },
            "end": {
              "line": 24,
              "column": null
            }
          }
        }
      },
      "branchMap": {},
      "s": {
        "0": 3,
        "1": 3,
        "2": 3,
        "3": 3,
        "4": 4,
        "5": 4,
        "6": 4,
        "7": 4,
        "8": 4,
        "9": 8,
        "10": 4,
        "11": 4
      },
      "f": {
        "0": 4,
        "1": 8
      },
      "b": {}
    },
    "C:\\Users\\Nasir\\Desktop\\Tahir\\ponyracer\\src\\App.vue": {
      "path": "C:\\Users\\Nasir\\Desktop\\Tahir\\ponyracer\\src\\App.vue",
      "statementMap": {
        "0": {
          "start": {
            "line": 10,
            "column": 0
          },
          "end": {
            "line": 10,
            "column": null
          }
        },
        "1": {
          "start": {
            "line": 11,
            "column": 0
          },
          "end": {
            "line": 11,
            "column": null
          }
        },
        "2": {
          "start": {
            "line": 12,
            "column": 0
          },
          "end": {
            "line": 12,
            "column": null
          }
        },
        "3": {
          "start": {
            "line": 14,
            "column": 0
          },
          "end": {
            "line": 14,
            "column": 15
          }
        }
      },
      "fnMap": {},
      "branchMap": {},
      "s": {
        "0": 1,
        "1": 1,
        "2": 1,
        "3": 1
      },
      "f": {},
      "b": {}
    },
    "C:\\Users\\Nasir\\Desktop\\Tahir\\ponyracer\\src\\components\\Navbar.vue": {
      "path": "C:\\Users\\Nasir\\Desktop\\Tahir\\ponyracer\\src\\components\\Navbar.vue",
      "statementMap": {
        "0": {
          "start": {
            "line": 18,
            "column": 0
          },
          "end": {
            "line": 18,
            "column": null
          }
        },
        "1": {
          "start": {
            "line": 20,
            "column": 0
          },
          "end": {
            "line": 20,
            "column": 15
          }
        },
        "2": {
          "start": {
            "line": 24,
            "column": 27
          },
          "end": {
            "line": 24,
            "column": 31
          }
        },
        "3": {
          "start": {
            "line": 26,
            "column": 6
          },
          "end": {
            "line": 26,
            "column": 20
          }
        },
        "4": {
          "start": {
            "line": 28,
            "column": 4
          },
          "end": {
            "line": 28,
            "column": 11
          }
        }
      },
      "fnMap": {
        "0": {
          "name": "(anonymous_0)",
          "decl": {
            "start": {
              "line": 23,
              "column": 7
            },
            "end": {
              "line": 23,
              "column": null
            }
          },
          "loc": {
            "start": {
              "line": 23,
              "column": 7
            },
            "end": {
              "line": 29,
              "column": null
            }
          }
        },
        "1": {
          "name": "toggleNavbar",
          "decl": {
            "start": {
              "line": 25,
              "column": 13
            },
            "end": {
              "line": 25,
              "column": 25
            }
          },
          "loc": {
            "start": {
              "line": 25,
              "column": 25
            },
            "end": {
              "line": 27,
              "column": null
            }
          }
        }
      },
      "branchMap": {},
      "s": {
        "0": 1,
        "1": 1,
        "2": 3,
        "3": 0,
        "4": 3
      },
      "f": {
        "0": 3,
        "1": 0
      },
      "b": {}
    },
    "C:\\Users\\Nasir\\Desktop\\Tahir\\ponyracer\\src\\composables\\RaceService.ts": {
      "path": "C:\\Users\\Nasir\\Desktop\\Tahir\\ponyracer\\src\\composables\\RaceService.ts",
      "statementMap": {
        "0": {
          "start": {
            "line": 4,
            "column": 2
          },
          "end": {
            "line": 33,
            "column": 4
          }
        },
        "1": {
          "start": {
            "line": 6,
            "column": 6
          },
          "end": {
            "line": 31,
            "column": 9
          }
        },
        "2": {
          "start": {
            "line": 3,
            "column": 0
          },
          "end": {
            "line": 3,
            "column": 16
          }
        }
      },
      "fnMap": {
        "0": {
          "name": "useRaceService",
          "decl": {
            "start": {
              "line": 3,
              "column": 16
            },
            "end": {
              "line": 3,
              "column": 30
            }
          },
          "loc": {
            "start": {
              "line": 3,
              "column": 30
            },
            "end": {
              "line": 34,
              "column": 1
            }
          }
        },
        "1": {
          "name": "(anonymous_1)",
          "decl": {
            "start": {
              "line": 5,
              "column": 4
            },
            "end": {
              "line": 5,
              "column": 8
            }
          },
          "loc": {
            "start": {
              "line": 5,
              "column": 4
            },
            "end": {
              "line": 32,
              "column": 5
            }
          }
        }
      },
      "branchMap": {},
      "s": {
        "0": 4,
        "1": 4,
        "2": 2
      },
      "f": {
        "0": 4,
        "1": 4
      },
      "b": {}
    }
  }
}