{
  "numFailedTestSuites": 0,
  "numFailedTests": 0,
  "numPassedTestSuites": 9,
  "numPassedTests": 19,
  "numPendingTestSuites": 0,
  "numPendingTests": 0,
  "numRuntimeErrorTestSuites": 0,
  "numTodoTests": 0,
  "numTotalTestSuites": 9,
  "numTotalTests": 19,
  "openHandles": [],
  "snapshot": {
    "added": 0,
    "didUpdate": false,
    "failure": false,
    "filesAdded": 0,
    "filesRemoved": 0,
    "filesRemovedList": [],
    "filesUnmatched": 0,
    "filesUpdated": 0,
    "matched": 0,
    "total": 0,
    "unchecked": 0,
    "uncheckedKeysByFile": [],
    "unmatched": 0,
    "updated": 0
  },
  "startTime": 1613884796536,
  "success": false,
  "testResults": [
    {
      "failureMessage": null,
      "numFailingTests": 0,
      "numPassingTests": 2,
      "numPendingTests": 0,
      "numTodoTests": 0,
      "perfStats": {
        "end": 1613884809349,
        "start": 1613884802725
      },
      "snapshot": {
        "added": 0,
        "fileDeleted": false,
        "matched": 0,
        "unchecked": 0,
        "unmatched": 0,
        "updated": 0,
        "uncheckedKeys": []
      },
      "testFilePath": "C:\\Users\\Nasir\\Desktop\\Tahir\\ponyracer\\tests\\unit\\views\\Home.spec.ts",
      "testResults": [
        {
          "ancestorTitles": [
            "Home.vue"
          ],
          "duration": 116,
          "failureMessages": [],
          "fullName": "Home.vue should display every race name in a title",
          "location": null,
          "numPassingAsserts": 0,
          "status": "passed",
          "title": "should display every race name in a title"
        },
        {
          "ancestorTitles": [
            "Home.vue"
          ],
          "duration": 19,
          "failureMessages": [],
          "fullName": "Home.vue display a link to go the races",
          "location": null,
          "numPassingAsserts": 0,
          "status": "passed",
          "title": "display a link to go the races"
        }
      ],
      "skipped": false,
      "leaks": false
    },
    {
      "failureMessage": null,
      "numFailingTests": 0,
      "numPassingTests": 5,
      "numPendingTests": 0,
      "numTodoTests": 0,
      "perfStats": {
        "end": 1613884812443,
        "start": 1613884802769
      },
      "snapshot": {
        "added": 0,
        "fileDeleted": false,
        "matched": 0,
        "unchecked": 0,
        "unmatched": 0,
        "updated": 0,
        "uncheckedKeys": []
      },
      "testFilePath": "C:\\Users\\Nasir\\Desktop\\Tahir\\ponyracer\\tests\\unit\\components\\Navbar.spec.ts",
      "testResults": [
        {
          "ancestorTitles": [
            "Navbar.vue"
          ],
          "duration": 79,
          "failureMessages": [],
          "fullName": "Navbar.vue should have a `navbarCollapsed` field",
          "location": null,
          "numPassingAsserts": 0,
          "status": "passed",
          "title": "should have a `navbarCollapsed` field"
        },
        {
          "ancestorTitles": [
            "Navbar.vue"
          ],
          "duration": 21,
          "failureMessages": [],
          "fullName": "Navbar.vue should have a `toggleNavbar` function",
          "location": null,
          "numPassingAsserts": 0,
          "status": "passed",
          "title": "should have a `toggleNavbar` function"
        },
        {
          "ancestorTitles": [
            "Navbar.vue"
          ],
          "duration": 47,
          "failureMessages": [],
          "fullName": "Navbar.vue should toggle the class on click",
          "location": null,
          "numPassingAsserts": 0,
          "status": "passed",
          "title": "should toggle the class on click"
        },
        {
          "ancestorTitles": [
            "Navbar.vue"
          ],
          "duration": 9,
          "failureMessages": [],
          "fullName": "Navbar.vue should display a link to the home page",
          "location": null,
          "numPassingAsserts": 0,
          "status": "passed",
          "title": "should display a link to the home page"
        },
        {
          "ancestorTitles": [
            "Navbar.vue"
          ],
          "duration": 11,
          "failureMessages": [],
          "fullName": "Navbar.vue should display a link to the races page",
          "location": null,
          "numPassingAsserts": 0,
          "status": "passed",
          "title": "should display a link to the races page"
        }
      ],
      "skipped": false,
      "leaks": false
    },
    {
      "failureMessage": null,
      "numFailingTests": 0,
      "numPassingTests": 3,
      "numPendingTests": 0,
      "numTodoTests": 0,
      "perfStats": {
        "end": 1613884812470,
        "start": 1613884802685
      },
      "snapshot": {
        "added": 0,
        "fileDeleted": false,
        "matched": 0,
        "unchecked": 0,
        "unmatched": 0,
        "updated": 0,
        "uncheckedKeys": []
      },
      "testFilePath": "C:\\Users\\Nasir\\Desktop\\Tahir\\ponyracer\\tests\\unit\\App.spec.ts",
      "testResults": [
        {
          "ancestorTitles": [
            "App.vue"
          ],
          "duration": 91,
          "failureMessages": [],
          "fullName": "App.vue renders the navbar",
          "location": null,
          "numPassingAsserts": 0,
          "status": "passed",
          "title": "renders the navbar"
        },
        {
          "ancestorTitles": [
            "App.vue"
          ],
          "duration": 75,
          "failureMessages": [],
          "fullName": "App.vue renders the router view inside a Suspense component",
          "location": null,
          "numPassingAsserts": 0,
          "status": "passed",
          "title": "renders the router view inside a Suspense component"
        },
        {
          "ancestorTitles": [
            "App.vue"
          ],
          "duration": 40,
          "failureMessages": [],
          "fullName": "App.vue renders an error if router view does not load",
          "location": null,
          "numPassingAsserts": 0,
          "status": "passed",
          "title": "renders an error if router view does not load"
        }
      ],
      "skipped": false,
      "leaks": false
    },
    {
      "failureMessage": null,
      "numFailingTests": 0,
      "numPassingTests": 1,
      "numPendingTests": 0,
      "numTodoTests": 0,
      "perfStats": {
        "end": 1613884813184,
        "start": 1613884809486
      },
      "snapshot": {
        "added": 0,
        "fileDeleted": false,
        "matched": 0,
        "unchecked": 0,
        "unmatched": 0,
        "updated": 0,
        "uncheckedKeys": []
      },
      "testFilePath": "C:\\Users\\Nasir\\Desktop\\Tahir\\ponyracer\\tests\\unit\\components\\Race.spec.ts",
      "testResults": [
        {
          "ancestorTitles": [
            "Race.vue"
          ],
          "duration": 61,
          "failureMessages": [],
          "fullName": "Race.vue should display a race name and its ponies",
          "location": null,
          "numPassingAsserts": 0,
          "status": "passed",
          "title": "should display a race name and its ponies"
        }
      ],
      "skipped": false,
      "leaks": false
    },
    {
      "failureMessage": null,
      "numFailingTests": 0,
      "numPassingTests": 3,
      "numPendingTests": 0,
      "numTodoTests": 0,
      "perfStats": {
        "end": 1613884814543,
        "start": 1613884813334
      },
      "snapshot": {
        "added": 0,
        "fileDeleted": false,
        "matched": 0,
        "unchecked": 0,
        "unmatched": 0,
        "updated": 0,
        "uncheckedKeys": []
      },
      "testFilePath": "C:\\Users\\Nasir\\Desktop\\Tahir\\ponyracer\\tests\\unit\\components\\Alert.spec.ts",
      "testResults": [
        {
          "ancestorTitles": [
            "Alert.vue"
          ],
          "duration": 67,
          "failureMessages": [],
          "fullName": "Alert.vue should display the alert content",
          "location": null,
          "numPassingAsserts": 0,
          "status": "passed",
          "title": "should display the alert content"
        },
        {
          "ancestorTitles": [
            "Alert.vue"
          ],
          "duration": 28,
          "failureMessages": [],
          "fullName": "Alert.vue should have the correct CSS class",
          "location": null,
          "numPassingAsserts": 0,
          "status": "passed",
          "title": "should have the correct CSS class"
        },
        {
          "ancestorTitles": [
            "Alert.vue"
          ],
          "duration": 35,
          "failureMessages": [],
          "fullName": "Alert.vue should be dismissible",
          "location": null,
          "numPassingAsserts": 0,
          "status": "passed",
          "title": "should be dismissible"
        }
      ],
      "skipped": false,
      "leaks": false
    },
    {
      "failureMessage": null,
      "numFailingTests": 0,
      "numPassingTests": 1,
      "numPendingTests": 0,
      "numTodoTests": 0,
      "perfStats": {
        "end": 1613884815759,
        "start": 1613884814668
      },
      "snapshot": {
        "added": 0,
        "fileDeleted": false,
        "matched": 0,
        "unchecked": 0,
        "unmatched": 0,
        "updated": 0,
        "uncheckedKeys": []
      },
      "testFilePath": "C:\\Users\\Nasir\\Desktop\\Tahir\\ponyracer\\tests\\unit\\composables\\RaceService.spec.ts",
      "testResults": [
        {
          "ancestorTitles": [
            "useRaceService"
          ],
          "duration": 9,
          "failureMessages": [],
          "fullName": "useRaceService should list races",
          "location": null,
          "numPassingAsserts": 0,
          "status": "passed",
          "title": "should list races"
        }
      ],
      "skipped": false,
      "leaks": false
    },
    {
      "failureMessage": null,
      "numFailingTests": 0,
      "numPassingTests": 1,
      "numPendingTests": 0,
      "numTodoTests": 0,
      "perfStats": {
        "end": 1613884815776,
        "start": 1613884812649
      },
      "snapshot": {
        "added": 0,
        "fileDeleted": false,
        "matched": 0,
        "unchecked": 0,
        "unmatched": 0,
        "updated": 0,
        "uncheckedKeys": []
      },
      "testFilePath": "C:\\Users\\Nasir\\Desktop\\Tahir\\ponyracer\\tests\\unit\\utils\\FromNow.spec.ts",
      "testResults": [
        {
          "ancestorTitles": [
            "FromNow"
          ],
          "duration": 22,
          "failureMessages": [],
          "fullName": "FromNow should transform a date",
          "location": null,
          "numPassingAsserts": 0,
          "status": "passed",
          "title": "should transform a date"
        }
      ],
      "skipped": false,
      "leaks": false
    },
    {
      "failureMessage": null,
      "numFailingTests": 0,
      "numPassingTests": 1,
      "numPendingTests": 0,
      "numTodoTests": 0,
      "perfStats": {
        "end": 1613884816153,
        "start": 1613884812762
      },
      "snapshot": {
        "added": 0,
        "fileDeleted": false,
        "matched": 0,
        "unchecked": 0,
        "unmatched": 0,
        "updated": 0,
        "uncheckedKeys": []
      },
      "testFilePath": "C:\\Users\\Nasir\\Desktop\\Tahir\\ponyracer\\tests\\unit\\views\\Races.spec.ts",
      "testResults": [
        {
          "ancestorTitles": [
            "Races.vue"
          ],
          "duration": 107,
          "failureMessages": [],
          "fullName": "Races.vue should display every race name in a title",
          "location": null,
          "numPassingAsserts": 0,
          "status": "passed",
          "title": "should display every race name in a title"
        }
      ],
      "skipped": false,
      "leaks": false
    },
    {
      "failureMessage": null,
      "numFailingTests": 0,
      "numPassingTests": 2,
      "numPendingTests": 0,
      "numTodoTests": 0,
      "perfStats": {
        "end": 1613884816684,
        "start": 1613884815906
      },
      "snapshot": {
        "added": 0,
        "fileDeleted": false,
        "matched": 0,
        "unchecked": 0,
        "unmatched": 0,
        "updated": 0,
        "uncheckedKeys": []
      },
      "testFilePath": "C:\\Users\\Nasir\\Desktop\\Tahir\\ponyracer\\tests\\unit\\components\\Pony.spec.ts",
      "testResults": [
        {
          "ancestorTitles": [
            "Pony.vue"
          ],
          "duration": 11,
          "failureMessages": [],
          "fullName": "Pony.vue should display an image and a legend",
          "location": null,
          "numPassingAsserts": 0,
          "status": "passed",
          "title": "should display an image and a legend"
        },
        {
          "ancestorTitles": [
            "Pony.vue"
          ],
          "duration": 10,
          "failureMessages": [],
          "fullName": "Pony.vue should emit an event on click",
          "location": null,
          "numPassingAsserts": 0,
          "status": "passed",
          "title": "should emit an event on click"
        }
      ],
      "skipped": false,
      "leaks": false
    }
  ],
  "wasInterrupted": false,
  "coverageMap": {
    "C:\\Users\\Nasir\\Desktop\\Tahir\\ponyracer\\src\\Views\\Home.vue": {
      "path": "C:\\Users\\Nasir\\Desktop\\Tahir\\ponyracer\\src\\Views\\Home.vue",
      "statementMap": {
        "0": {
          "start": {
            "line": 3,
            "column": 0
          },
          "end": {
            "line": 5,
            "column": 3
          }
        },
        "1": {
          "start": {
            "line": 7,
            "column": 12
          },
          "end": {
            "line": 7,
            "column": 26
          }
        },
        "2": {
          "start": {
            "line": 9,
            "column": 0
          },
          "end": {
            "line": 11,
            "column": 3
          }
        },
        "3": {
          "start": {
            "line": 12,
            "column": 0
          },
          "end": {
            "line": 12,
            "column": 13
          }
        },
        "4": {
          "start": {
            "line": 13,
            "column": 0
          },
          "end": {
            "line": 13,
            "column": 62
          }
        },
        "5": {
          "start": {
            "line": 14,
            "column": 0
          },
          "end": {
            "line": 14,
            "column": 24
          }
        },
        "6": {
          "start": {
            "line": 15,
            "column": 12
          },
          "end": {
            "line": 15,
            "column": 26
          }
        },
        "7": {
          "start": {
            "line": 16,
            "column": 17
          },
          "end": {
            "line": 19,
            "column": 1
          }
        },
        "8": {
          "start": {
            "line": 20,
            "column": 31
          },
          "end": {
            "line": 25,
            "column": 20
          }
        },
        "9": {
          "start": {
            "line": 26,
            "column": 17
          },
          "end": {
            "line": 26,
            "column": 34
          }
        },
        "10": {
          "start": {
            "line": 27,
            "column": 31
          },
          "end": {
            "line": 27,
            "column": 61
          }
        },
        "11": {
          "start": {
            "line": 28,
            "column": 17
          },
          "end": {
            "line": 28,
            "column": 34
          }
        },
        "12": {
          "start": {
            "line": 29,
            "column": 31
          },
          "end": {
            "line": 29,
            "column": 60
          }
        },
        "13": {
          "start": {
            "line": 31,
            "column": 32
          },
          "end": {
            "line": 31,
            "column": 68
          }
        },
        "14": {
          "start": {
            "line": 32,
            "column": 4
          },
          "end": {
            "line": 59,
            "column": 8
          }
        },
        "15": {
          "start": {
            "line": 41,
            "column": 57
          },
          "end": {
            "line": 43,
            "column": 22
          }
        },
        "16": {
          "start": {
            "line": 52,
            "column": 57
          },
          "end": {
            "line": 54,
            "column": 22
          }
        },
        "17": {
          "start": {
            "line": 61,
            "column": 0
          },
          "end": {
            "line": 61,
            "column": 24
          }
        },
        "18": {
          "start": {
            "line": 62,
            "column": 1
          },
          "end": {
            "line": 62,
            "column": 48
          }
        }
      },
      "fnMap": {
        "0": {
          "name": "render",
          "decl": {
            "start": {
              "line": 30,
              "column": 9
            },
            "end": {
              "line": 30,
              "column": 15
            }
          },
          "loc": {
            "start": {
              "line": 30,
              "column": 30
            },
            "end": {
              "line": 60,
              "column": 1
            }
          },
          "line": 30
        },
        "1": {
          "name": "(anonymous_1)",
          "decl": {
            "start": {
              "line": 41,
              "column": 43
            },
            "end": {
              "line": 41,
              "column": 44
            }
          },
          "loc": {
            "start": {
              "line": 41,
              "column": 55
            },
            "end": {
              "line": 43,
              "column": 24
            }
          },
          "line": 41
        },
        "2": {
          "name": "(anonymous_2)",
          "decl": {
            "start": {
              "line": 52,
              "column": 43
            },
            "end": {
              "line": 52,
              "column": 44
            }
          },
          "loc": {
            "start": {
              "line": 52,
              "column": 55
            },
            "end": {
              "line": 54,
              "column": 24
            }
          },
          "line": 52
        }
      },
      "branchMap": {},
      "s": {
        "0": 1,
        "1": 1,
        "2": 1,
        "3": 1,
        "4": 1,
        "5": 1,
        "6": 1,
        "7": 1,
        "8": 1,
        "9": 1,
        "10": 1,
        "11": 1,
        "12": 1,
        "13": 2,
        "14": 2,
        "15": 2,
        "16": 2,
        "17": 1,
        "18": 1
      },
      "f": {
        "0": 2,
        "1": 2,
        "2": 2
      },
      "b": {},
      "_coverageSchema": "43e27e138ebf9cfc5966b082cf9a028302ed4184",
      "hash": "a3196ae019cc7d7b78cb9202e3f30d414b22c449"
    },
    "C:\\Users\\Nasir\\Desktop\\Tahir\\ponyracer\\src\\components\\Navbar.vue": {
      "path": "C:\\Users\\Nasir\\Desktop\\Tahir\\ponyracer\\src\\components\\Navbar.vue",
      "statementMap": {
        "0": {
          "start": {
            "line": 21,
            "column": 0
          },
          "end": {
            "line": 21,
            "column": null
          }
        },
        "1": {
          "start": {
            "line": 23,
            "column": 0
          },
          "end": {
            "line": 23,
            "column": 15
          }
        },
        "2": {
          "start": {
            "line": 27,
            "column": 28
          },
          "end": {
            "line": 27,
            "column": 32
          }
        },
        "3": {
          "start": {
            "line": 31,
            "column": 25
          },
          "end": {
            "line": 33,
            "column": null
          }
        },
        "4": {
          "start": {
            "line": 32,
            "column": 6
          },
          "end": {
            "line": 32,
            "column": 21
          }
        },
        "5": {
          "start": {
            "line": 35,
            "column": 4
          },
          "end": {
            "line": 35,
            "column": 11
          }
        }
      },
      "fnMap": {
        "0": {
          "name": "(anonymous_0)",
          "decl": {
            "start": {
              "line": 26,
              "column": 7
            },
            "end": {
              "line": 26,
              "column": null
            }
          },
          "loc": {
            "start": {
              "line": 26,
              "column": 7
            },
            "end": {
              "line": 36,
              "column": null
            }
          }
        },
        "1": {
          "name": "(anonymous_1)",
          "decl": {
            "start": {
              "line": 31,
              "column": 25
            },
            "end": {
              "line": 31,
              "column": null
            }
          },
          "loc": {
            "start": {
              "line": 31,
              "column": 25
            },
            "end": {
              "line": 33,
              "column": null
            }
          }
        }
      },
      "branchMap": {},
      "s": {
        "0": 2,
        "1": 2,
        "2": 8,
        "3": 8,
        "4": 3,
        "5": 8
      },
      "f": {
        "0": 8,
        "1": 3
      },
      "b": {}
    },
    "C:\\Users\\Nasir\\Desktop\\Tahir\\ponyracer\\src\\App.vue": {
      "path": "C:\\Users\\Nasir\\Desktop\\Tahir\\ponyracer\\src\\App.vue",
      "statementMap": {
        "0": {
          "start": {
            "line": 17,
            "column": 0
          },
          "end": {
            "line": 17,
            "column": null
          }
        },
        "1": {
          "start": {
            "line": 18,
            "column": 0
          },
          "end": {
            "line": 18,
            "column": null
          }
        },
        "2": {
          "start": {
            "line": 19,
            "column": 0
          },
          "end": {
            "line": 19,
            "column": null
          }
        },
        "3": {
          "start": {
            "line": 21,
            "column": 0
          },
          "end": {
            "line": 21,
            "column": 15
          }
        },
        "4": {
          "start": {
            "line": 30,
            "column": 18
          },
          "end": {
            "line": 30,
            "column": 37
          }
        },
        "5": {
          "start": {
            "line": 33,
            "column": 4
          },
          "end": {
            "line": 33,
            "column": 20
          }
        },
        "6": {
          "start": {
            "line": 34,
            "column": 6
          },
          "end": {
            "line": 34,
            "column": 11
          }
        },
        "7": {
          "start": {
            "line": 35,
            "column": 6
          },
          "end": {
            "line": 35,
            "column": 13
          }
        },
        "8": {
          "start": {
            "line": 38,
            "column": 4
          },
          "end": {
            "line": 38,
            "column": 11
          }
        }
      },
      "fnMap": {
        "0": {
          "name": "(anonymous_0)",
          "decl": {
            "start": {
              "line": 28,
              "column": 2
            },
            "end": {
              "line": 28,
              "column": 7
            }
          },
          "loc": {
            "start": {
              "line": 28,
              "column": 2
            },
            "end": {
              "line": 39,
              "column": null
            }
          }
        },
        "1": {
          "name": "(anonymous_1)",
          "decl": {
            "start": {
              "line": 33,
              "column": 20
            },
            "end": {
              "line": 33,
              "column": null
            }
          },
          "loc": {
            "start": {
              "line": 33,
              "column": 20
            },
            "end": {
              "line": 36,
              "column": null
            }
          }
        }
      },
      "branchMap": {},
      "s": {
        "0": 1,
        "1": 1,
        "2": 1,
        "3": 1,
        "4": 3,
        "5": 3,
        "6": 2,
        "7": 2,
        "8": 3
      },
      "f": {
        "0": 3,
        "1": 2
      },
      "b": {}
    },
    "C:\\Users\\Nasir\\Desktop\\Tahir\\ponyracer\\src\\components\\Alert.vue": {
      "path": "C:\\Users\\Nasir\\Desktop\\Tahir\\ponyracer\\src\\components\\Alert.vue",
      "statementMap": {
        "0": {
          "start": {
            "line": 13,
            "column": 0
          },
          "end": {
            "line": 13,
            "column": null
          }
        },
        "1": {
          "start": {
            "line": 15,
            "column": 0
          },
          "end": {
            "line": 15,
            "column": 15
          }
        },
        "2": {
          "start": {
            "line": 33,
            "column": 21
          },
          "end": {
            "line": 33,
            "column": 23
          }
        },
        "3": {
          "start": {
            "line": 34,
            "column": 20
          },
          "end": {
            "line": 36,
            "column": null
          }
        },
        "4": {
          "start": {
            "line": 35,
            "column": 6
          },
          "end": {
            "line": 35,
            "column": 10
          }
        },
        "5": {
          "start": {
            "line": 38,
            "column": 25
          },
          "end": {
            "line": 38,
            "column": 34
          }
        },
        "6": {
          "start": {
            "line": 38,
            "column": 40
          },
          "end": {
            "line": 38,
            "column": 55
          }
        },
        "7": {
          "start": {
            "line": 40,
            "column": 23
          },
          "end": {
            "line": 40,
            "column": 32
          }
        },
        "8": {
          "start": {
            "line": 40,
            "column": 38
          },
          "end": {
            "line": 40,
            "column": 43
          }
        },
        "9": {
          "start": {
            "line": 42,
            "column": 4
          },
          "end": {
            "line": 42,
            "column": 11
          }
        }
      },
      "fnMap": {
        "0": {
          "name": "(anonymous_0)",
          "decl": {
            "start": {
              "line": 33,
              "column": 7
            },
            "end": {
              "line": 33,
              "column": 8
            }
          },
          "loc": {
            "start": {
              "line": 33,
              "column": 23
            },
            "end": {
              "line": 43,
              "column": null
            }
          }
        },
        "1": {
          "name": "(anonymous_1)",
          "decl": {
            "start": {
              "line": 34,
              "column": 20
            },
            "end": {
              "line": 34,
              "column": null
            }
          },
          "loc": {
            "start": {
              "line": 34,
              "column": 20
            },
            "end": {
              "line": 36,
              "column": null
            }
          }
        },
        "2": {
          "name": "(anonymous_2)",
          "decl": {
            "start": {
              "line": 38,
              "column": 34
            },
            "end": {
              "line": 38,
              "column": 40
            }
          },
          "loc": {
            "start": {
              "line": 38,
              "column": 34
            },
            "end": {
              "line": 38,
              "column": null
            }
          }
        },
        "3": {
          "name": "(anonymous_3)",
          "decl": {
            "start": {
              "line": 40,
              "column": 32
            },
            "end": {
              "line": 40,
              "column": 38
            }
          },
          "loc": {
            "start": {
              "line": 40,
              "column": 32
            },
            "end": {
              "line": 40,
              "column": null
            }
          }
        }
      },
      "branchMap": {},
      "s": {
        "0": 2,
        "1": 2,
        "2": 3,
        "3": 3,
        "4": 1,
        "5": 3,
        "6": 4,
        "7": 3,
        "8": 4,
        "9": 3
      },
      "f": {
        "0": 3,
        "1": 1,
        "2": 4,
        "3": 4
      },
      "b": {}
    },
    "C:\\Users\\Nasir\\Desktop\\Tahir\\ponyracer\\src\\components\\Race.vue": {
      "path": "C:\\Users\\Nasir\\Desktop\\Tahir\\ponyracer\\src\\components\\Race.vue",
      "statementMap": {
        "0": {
          "start": {
            "line": 15,
            "column": 0
          },
          "end": {
            "line": 15,
            "column": null
          }
        },
        "1": {
          "start": {
            "line": 16,
            "column": 0
          },
          "end": {
            "line": 16,
            "column": null
          }
        },
        "2": {
          "start": {
            "line": 17,
            "column": 0
          },
          "end": {
            "line": 17,
            "column": null
          }
        },
        "3": {
          "start": {
            "line": 19,
            "column": 0
          },
          "end": {
            "line": 19,
            "column": 15
          }
        },
        "4": {
          "start": {
            "line": 35,
            "column": 25
          },
          "end": {
            "line": 35,
            "column": 34
          }
        },
        "5": {
          "start": {
            "line": 35,
            "column": 40
          },
          "end": {
            "line": 35,
            "column": 48
          }
        },
        "6": {
          "start": {
            "line": 39,
            "column": 4
          },
          "end": {
            "line": 39,
            "column": 16
          }
        }
      },
      "fnMap": {
        "0": {
          "name": "(anonymous_0)",
          "decl": {
            "start": {
              "line": 32,
              "column": 7
            },
            "end": {
              "line": 32,
              "column": 8
            }
          },
          "loc": {
            "start": {
              "line": 32,
              "column": 13
            },
            "end": {
              "line": 40,
              "column": null
            }
          }
        },
        "1": {
          "name": "(anonymous_1)",
          "decl": {
            "start": {
              "line": 35,
              "column": 34
            },
            "end": {
              "line": 35,
              "column": 40
            }
          },
          "loc": {
            "start": {
              "line": 35,
              "column": 34
            },
            "end": {
              "line": 35,
              "column": null
            }
          }
        }
      },
      "branchMap": {},
      "s": {
        "0": 2,
        "1": 2,
        "2": 2,
        "3": 2,
        "4": 3,
        "5": 3,
        "6": 3
      },
      "f": {
        "0": 3,
        "1": 3
      },
      "b": {}
    },
    "C:\\Users\\Nasir\\Desktop\\Tahir\\ponyracer\\src\\utils\\FromNow.ts": {
      "path": "C:\\Users\\Nasir\\Desktop\\Tahir\\ponyracer\\src\\utils\\FromNow.ts",
      "statementMap": {
        "0": {
          "start": {
            "line": 1,
            "column": 0
          },
          "end": {
            "line": 1,
            "column": 63
          }
        },
        "1": {
          "start": {
            "line": 4,
            "column": 15
          },
          "end": {
            "line": 4,
            "column": 30
          }
        },
        "2": {
          "start": {
            "line": 5,
            "column": 2
          },
          "end": {
            "line": 5,
            "column": 62
          }
        },
        "3": {
          "start": {
            "line": 3,
            "column": 0
          },
          "end": {
            "line": 3,
            "column": 24
          }
        }
      },
      "fnMap": {
        "0": {
          "name": "fromNow",
          "decl": {
            "start": {
              "line": 3,
              "column": 24
            },
            "end": {
              "line": 3,
              "column": 31
            }
          },
          "loc": {
            "start": {
              "line": 3,
              "column": 45
            },
            "end": {
              "line": 6,
              "column": 1
            }
          }
        }
      },
      "branchMap": {},
      "s": {
        "0": 3,
        "1": 4,
        "2": 4,
        "3": 3
      },
      "f": {
        "0": 4
      },
      "b": {}
    },
    "C:\\Users\\Nasir\\Desktop\\Tahir\\ponyracer\\src\\components\\Pony.vue": {
      "path": "C:\\Users\\Nasir\\Desktop\\Tahir\\ponyracer\\src\\components\\Pony.vue",
      "statementMap": {
        "0": {
          "start": {
            "line": 10,
            "column": 0
          },
          "end": {
            "line": 10,
            "column": null
          }
        },
        "1": {
          "start": {
            "line": 12,
            "column": 0
          },
          "end": {
            "line": 12,
            "column": 15
          }
        },
        "2": {
          "start": {
            "line": 24,
            "column": 21
          },
          "end": {
            "line": 24,
            "column": 23
          }
        },
        "3": {
          "start": {
            "line": 26,
            "column": 25
          },
          "end": {
            "line": 26,
            "column": 34
          }
        },
        "4": {
          "start": {
            "line": 26,
            "column": 40
          },
          "end": {
            "line": 26,
            "column": 56
          }
        },
        "5": {
          "start": {
            "line": 28,
            "column": 20
          },
          "end": {
            "line": 30,
            "column": null
          }
        },
        "6": {
          "start": {
            "line": 29,
            "column": 6
          },
          "end": {
            "line": 29,
            "column": 10
          }
        },
        "7": {
          "start": {
            "line": 34,
            "column": 4
          },
          "end": {
            "line": 34,
            "column": 16
          }
        }
      },
      "fnMap": {
        "0": {
          "name": "(anonymous_0)",
          "decl": {
            "start": {
              "line": 24,
              "column": 7
            },
            "end": {
              "line": 24,
              "column": 8
            }
          },
          "loc": {
            "start": {
              "line": 24,
              "column": 23
            },
            "end": {
              "line": 35,
              "column": null
            }
          }
        },
        "1": {
          "name": "(anonymous_1)",
          "decl": {
            "start": {
              "line": 26,
              "column": 34
            },
            "end": {
              "line": 26,
              "column": 40
            }
          },
          "loc": {
            "start": {
              "line": 26,
              "column": 34
            },
            "end": {
              "line": 26,
              "column": null
            }
          }
        },
        "2": {
          "name": "(anonymous_2)",
          "decl": {
            "start": {
              "line": 28,
              "column": 20
            },
            "end": {
              "line": 28,
              "column": null
            }
          },
          "loc": {
            "start": {
              "line": 28,
              "column": 20
            },
            "end": {
              "line": 30,
              "column": null
            }
          }
        }
      },
      "branchMap": {},
      "s": {
        "0": 3,
        "1": 3,
        "2": 7,
        "3": 7,
        "4": 7,
        "5": 7,
        "6": 1,
        "7": 7
      },
      "f": {
        "0": 7,
        "1": 7,
        "2": 1
      },
      "b": {}
    },
    "C:\\Users\\Nasir\\Desktop\\Tahir\\ponyracer\\src\\composables\\RaceService.ts": {
      "path": "C:\\Users\\Nasir\\Desktop\\Tahir\\ponyracer\\src\\composables\\RaceService.ts",
      "statementMap": {
        "0": {
          "start": {
            "line": 2,
            "column": 0
          },
          "end": {
            "line": 2,
            "column": 26
          }
        },
        "1": {
          "start": {
            "line": 5,
            "column": 16
          },
          "end": {
            "line": 5,
            "column": 51
          }
        },
        "2": {
          "start": {
            "line": 8,
            "column": 2
          },
          "end": {
            "line": 18,
            "column": 4
          }
        },
        "3": {
          "start": {
            "line": 12,
            "column": 23
          },
          "end": {
            "line": 14,
            "column": null
          }
        },
        "4": {
          "start": {
            "line": 12,
            "column": 12
          },
          "end": {
            "line": 14,
            "column": null
          }
        },
        "5": {
          "start": {
            "line": 16,
            "column": 6
          },
          "end": {
            "line": 16,
            "column": 44
          }
        },
        "6": {
          "start": {
            "line": 7,
            "column": 0
          },
          "end": {
            "line": 7,
            "column": 16
          }
        }
      },
      "fnMap": {
        "0": {
          "name": "useRaceService",
          "decl": {
            "start": {
              "line": 7,
              "column": 16
            },
            "end": {
              "line": 7,
              "column": 30
            }
          },
          "loc": {
            "start": {
              "line": 7,
              "column": 30
            },
            "end": {
              "line": 19,
              "column": 1
            }
          }
        },
        "1": {
          "name": "(anonymous_1)",
          "decl": {
            "start": {
              "line": 10,
              "column": 4
            },
            "end": {
              "line": 10,
              "column": 10
            }
          },
          "loc": {
            "start": {
              "line": 10,
              "column": 4
            },
            "end": {
              "line": 17,
              "column": null
            }
          }
        }
      },
      "branchMap": {
        "0": {
          "loc": {
            "start": {
              "line": 12,
              "column": 23
            },
            "end": {
              "line": 14,
              "column": null
            }
          },
          "type": "switch",
          "locations": [
            {
              "start": {
                "line": 12,
                "column": 23
              },
              "end": {
                "line": 14,
                "column": null
              }
            }
          ]
        }
      },
      "s": {
        "0": 1,
        "1": 1,
        "2": 1,
        "3": 1,
        "4": 1,
        "5": 1,
        "6": 1
      },
      "f": {
        "0": 1,
        "1": 1
      },
      "b": {
        "0": [
          1
        ]
      }
    },
    "C:\\Users\\Nasir\\Desktop\\Tahir\\ponyracer\\src\\Views\\Races.vue": {
      "path": "C:\\Users\\Nasir\\Desktop\\Tahir\\ponyracer\\src\\Views\\Races.vue",
      "statementMap": {
        "0": {
          "start": {
            "line": 3,
            "column": 0
          },
          "end": {
            "line": 5,
            "column": 3
          }
        },
        "1": {
          "start": {
            "line": 7,
            "column": 14
          },
          "end": {
            "line": 7,
            "column": 30
          }
        },
        "2": {
          "start": {
            "line": 9,
            "column": 12
          },
          "end": {
            "line": 9,
            "column": 26
          }
        },
        "3": {
          "start": {
            "line": 11,
            "column": 17
          },
          "end": {
            "line": 11,
            "column": 74
          }
        },
        "4": {
          "start": {
            "line": 13,
            "column": 20
          },
          "end": {
            "line": 13,
            "column": 56
          }
        },
        "5": {
          "start": {
            "line": 15,
            "column": 0
          },
          "end": {
            "line": 49,
            "column": 3
          }
        },
        "6": {
          "start": {
            "line": 21,
            "column": 4
          },
          "end": {
            "line": 47,
            "column": 7
          }
        },
        "7": {
          "start": {
            "line": 24,
            "column": 6
          },
          "end": {
            "line": 46,
            "column": 9
          }
        },
        "8": {
          "start": {
            "line": 25,
            "column": 8
          },
          "end": {
            "line": 45,
            "column": 9
          }
        },
        "9": {
          "start": {
            "line": 27,
            "column": 12
          },
          "end": {
            "line": 27,
            "column": 57
          }
        },
        "10": {
          "start": {
            "line": 28,
            "column": 12
          },
          "end": {
            "line": 28,
            "column": 36
          }
        },
        "11": {
          "start": {
            "line": 31,
            "column": 12
          },
          "end": {
            "line": 31,
            "column": 23
          }
        },
        "12": {
          "start": {
            "line": 32,
            "column": 12
          },
          "end": {
            "line": 34,
            "column": 34
          }
        },
        "13": {
          "start": {
            "line": 39,
            "column": 12
          },
          "end": {
            "line": 39,
            "column": 33
          }
        },
        "14": {
          "start": {
            "line": 40,
            "column": 12
          },
          "end": {
            "line": 44,
            "column": 15
          }
        },
        "15": {
          "start": {
            "line": 50,
            "column": 0
          },
          "end": {
            "line": 50,
            "column": 13
          }
        },
        "16": {
          "start": {
            "line": 51,
            "column": 0
          },
          "end": {
            "line": 51,
            "column": 62
          }
        },
        "17": {
          "start": {
            "line": 52,
            "column": 0
          },
          "end": {
            "line": 52,
            "column": 24
          }
        },
        "18": {
          "start": {
            "line": 53,
            "column": 12
          },
          "end": {
            "line": 53,
            "column": 26
          }
        },
        "19": {
          "start": {
            "line": 55,
            "column": 26
          },
          "end": {
            "line": 55,
            "column": 56
          }
        },
        "20": {
          "start": {
            "line": 56,
            "column": 4
          },
          "end": {
            "line": 66,
            "column": 55
          }
        },
        "21": {
          "start": {
            "line": 60,
            "column": 12
          },
          "end": {
            "line": 64,
            "column": 16
          }
        },
        "22": {
          "start": {
            "line": 68,
            "column": 0
          },
          "end": {
            "line": 68,
            "column": 24
          }
        },
        "23": {
          "start": {
            "line": 69,
            "column": 1
          },
          "end": {
            "line": 69,
            "column": 48
          }
        }
      },
      "fnMap": {
        "0": {
          "name": "(anonymous_0)",
          "decl": {
            "start": {
              "line": 20,
              "column": 9
            },
            "end": {
              "line": 20,
              "column": 10
            }
          },
          "loc": {
            "start": {
              "line": 20,
              "column": 21
            },
            "end": {
              "line": 48,
              "column": 3
            }
          },
          "line": 20
        },
        "1": {
          "name": "(anonymous_1)",
          "decl": {
            "start": {
              "line": 21,
              "column": 51
            },
            "end": {
              "line": 21,
              "column": 52
            }
          },
          "loc": {
            "start": {
              "line": 21,
              "column": 63
            },
            "end": {
              "line": 47,
              "column": 5
            }
          },
          "line": 21
        },
        "2": {
          "name": "(anonymous_2)",
          "decl": {
            "start": {
              "line": 24,
              "column": 39
            },
            "end": {
              "line": 24,
              "column": 40
            }
          },
          "loc": {
            "start": {
              "line": 24,
              "column": 53
            },
            "end": {
              "line": 46,
              "column": 7
            }
          },
          "line": 24
        },
        "3": {
          "name": "render",
          "decl": {
            "start": {
              "line": 54,
              "column": 9
            },
            "end": {
              "line": 54,
              "column": 15
            }
          },
          "loc": {
            "start": {
              "line": 54,
              "column": 30
            },
            "end": {
              "line": 67,
              "column": 1
            }
          },
          "line": 54
        },
        "4": {
          "name": "(anonymous_4)",
          "decl": {
            "start": {
              "line": 59,
              "column": 101
            },
            "end": {
              "line": 59,
              "column": 102
            }
          },
          "loc": {
            "start": {
              "line": 59,
              "column": 117
            },
            "end": {
              "line": 65,
              "column": 9
            }
          },
          "line": 59
        }
      },
      "branchMap": {
        "0": {
          "loc": {
            "start": {
              "line": 25,
              "column": 8
            },
            "end": {
              "line": 45,
              "column": 9
            }
          },
          "type": "switch",
          "locations": [
            {
              "start": {
                "line": 26,
                "column": 10
              },
              "end": {
                "line": 34,
                "column": 34
              }
            },
            {
              "start": {
                "line": 36,
                "column": 10
              },
              "end": {
                "line": 44,
                "column": 15
              }
            }
          ],
          "line": 25
        }
      },
      "s": {
        "0": 1,
        "1": 1,
        "2": 1,
        "3": 1,
        "4": 1,
        "5": 1,
        "6": 1,
        "7": 1,
        "8": 2,
        "9": 1,
        "10": 1,
        "11": 1,
        "12": 1,
        "13": 1,
        "14": 1,
        "15": 1,
        "16": 1,
        "17": 1,
        "18": 1,
        "19": 1,
        "20": 1,
        "21": 2,
        "22": 1,
        "23": 1
      },
      "f": {
        "0": 1,
        "1": 1,
        "2": 2,
        "3": 1,
        "4": 2
      },
      "b": {
        "0": [
          1,
          1
        ]
      },
      "_coverageSchema": "43e27e138ebf9cfc5966b082cf9a028302ed4184",
      "hash": "42430a62aa60c702f1de14c897e4b48d3de61b3b"
    }
  }
}