{"total": {"lines":{"total":47,"covered":44,"skipped":0,"pct":93.62},"statements":{"total":52,"covered":49,"skipped":0,"pct":94.23},"functions":{"total":13,"covered":11,"skipped":0,"pct":84.62},"branches":{"total":1,"covered":1,"skipped":0,"pct":100}}
,"C:\\Users\\Nasir\\Desktop\\Tahir\\ponyracer\\src\\App.vue": {"lines":{"total":4,"covered":4,"skipped":0,"pct":100},"functions":{"total":0,"covered":0,"skipped":0,"pct":100},"statements":{"total":4,"covered":4,"skipped":0,"pct":100},"branches":{"total":0,"covered":0,"skipped":0,"pct":100}}
,"C:\\Users\\Nasir\\Desktop\\Tahir\\ponyracer\\src\\Views\\Races.vue": {"lines":{"total":15,"covered":13,"skipped":0,"pct":86.67},"functions":{"total":3,"covered":2,"skipped":0,"pct":66.67},"statements":{"total":17,"covered":15,"skipped":0,"pct":88.24},"branches":{"total":0,"covered":0,"skipped":0,"pct":100}}
,"C:\\Users\\Nasir\\Desktop\\Tahir\\ponyracer\\src\\components\\Navbar.vue": {"lines":{"total":6,"covered":5,"skipped":0,"pct":83.33},"functions":{"total":2,"covered":1,"skipped":0,"pct":50},"statements":{"total":6,"covered":5,"skipped":0,"pct":83.33},"branches":{"total":0,"covered":0,"skipped":0,"pct":100}}
,"C:\\Users\\Nasir\\Desktop\\Tahir\\ponyracer\\src\\components\\Pony.vue": {"lines":{"total":6,"covered":6,"skipped":0,"pct":100},"functions":{"total":3,"covered":3,"skipped":0,"pct":100},"statements":{"total":7,"covered":7,"skipped":0,"pct":100},"branches":{"total":0,"covered":0,"skipped":0,"pct":100}}
,"C:\\Users\\Nasir\\Desktop\\Tahir\\ponyracer\\src\\components\\Race.vue": {"lines":{"total":6,"covered":6,"skipped":0,"pct":100},"functions":{"total":2,"covered":2,"skipped":0,"pct":100},"statements":{"total":7,"covered":7,"skipped":0,"pct":100},"branches":{"total":0,"covered":0,"skipped":0,"pct":100}}
,"C:\\Users\\Nasir\\Desktop\\Tahir\\ponyracer\\src\\composables\\RaceService.ts": {"lines":{"total":6,"covered":6,"skipped":0,"pct":100},"functions":{"total":2,"covered":2,"skipped":0,"pct":100},"statements":{"total":7,"covered":7,"skipped":0,"pct":100},"branches":{"total":1,"covered":1,"skipped":0,"pct":100}}
,"C:\\Users\\Nasir\\Desktop\\Tahir\\ponyracer\\src\\utils\\FromNow.ts": {"lines":{"total":4,"covered":4,"skipped":0,"pct":100},"functions":{"total":1,"covered":1,"skipped":0,"pct":100},"statements":{"total":4,"covered":4,"skipped":0,"pct":100},"branches":{"total":0,"covered":0,"skipped":0,"pct":100}}
}
