TN:
SF:C:\Users\Nasir\Desktop\Tahir\ponyracer\src\App.vue
FNF:0
FNH:0
DA:10,1
DA:11,1
DA:12,1
DA:14,1
LF:4
LH:4
BRF:0
BRH:0
end_of_record
TN:
SF:C:\Users\Nasir\Desktop\Tahir\ponyracer\src\Views\Races.vue
FN:17,(anonymous_0)
FNF:1
FNH:1
FNDA:4,(anonymous_0)
DA:8,3
DA:10,3
DA:12,3
DA:18,4
DA:44,4
LF:5
LH:5
BRF:0
BRH:0
end_of_record
TN:
SF:C:\Users\Nasir\Desktop\Tahir\ponyracer\src\components\Navbar.vue
FN:23,(anonymous_0)
FN:25,toggleNavbar
FNF:2
FNH:1
FNDA:3,(anonymous_0)
FNDA:0,toggleNavbar
DA:18,1
DA:20,1
DA:24,3
DA:26,0
DA:28,3
LF:5
LH:4
BRF:0
BRH:0
end_of_record
TN:
SF:C:\Users\Nasir\Desktop\Tahir\ponyracer\src\components\Race.vue
FN:26,(anonymous_0)
FN:27,(anonymous_1)
FNF:2
FNH:2
FNDA:9,(anonymous_0)
FNDA:9,(anonymous_1)
DA:13,3
DA:14,3
DA:16,3
DA:27,9
DA:29,9
LF:5
LH:5
BRF:0
BRH:0
end_of_record
TN:
SF:C:\Users\Nasir\Desktop\Tahir\ponyracer\src\utils\FromNow.ts
FN:3,fromNow
FNF:1
FNH:1
FNDA:10,fromNow
DA:1,4
DA:3,4
DA:4,10
DA:5,10
LF:4
LH:4
BRF:0
BRH:0
end_of_record
