TN:
SF:C:\Users\Nasir\Desktop\Tahir\ponyracer\src\App.vue
FN:28,(anonymous_0)
FN:33,(anonymous_1)
FNF:2
FNH:2
FNDA:3,(anonymous_0)
FNDA:2,(anonymous_1)
DA:17,1
DA:18,1
DA:19,1
DA:21,1
DA:30,3
DA:33,3
DA:34,2
DA:35,2
DA:38,3
LF:9
LH:9
BRF:0
BRH:0
end_of_record
TN:
SF:C:\Users\Nasir\Desktop\Tahir\ponyracer\src\Views\Home.vue
FN:30,render
FN:41,(anonymous_1)
FN:52,(anonymous_2)
FNF:3
FNH:3
FNDA:2,render
FNDA:2,(anonymous_1)
FNDA:2,(anonymous_2)
DA:3,1
DA:7,1
DA:9,1
DA:12,1
DA:13,1
DA:14,1
DA:15,1
DA:16,1
DA:20,1
DA:26,1
DA:27,1
DA:28,1
DA:29,1
DA:31,2
DA:32,2
DA:41,2
DA:52,2
DA:61,1
DA:62,1
LF:19
LH:19
BRF:0
BRH:0
end_of_record
TN:
SF:C:\Users\Nasir\Desktop\Tahir\ponyracer\src\Views\Races.vue
FN:20,(anonymous_0)
FN:21,(anonymous_1)
FN:24,(anonymous_2)
FN:54,render
FN:59,(anonymous_4)
FNF:5
FNH:5
FNDA:1,(anonymous_0)
FNDA:1,(anonymous_1)
FNDA:2,(anonymous_2)
FNDA:1,render
FNDA:2,(anonymous_4)
DA:3,1
DA:7,1
DA:9,1
DA:11,1
DA:13,1
DA:15,1
DA:21,1
DA:24,1
DA:25,2
DA:27,1
DA:28,1
DA:31,1
DA:32,1
DA:39,1
DA:40,1
DA:50,1
DA:51,1
DA:52,1
DA:53,1
DA:55,1
DA:56,1
DA:60,2
DA:68,1
DA:69,1
LF:24
LH:24
BRDA:25,0,0,1
BRDA:25,0,1,1
BRF:2
BRH:2
end_of_record
TN:
SF:C:\Users\Nasir\Desktop\Tahir\ponyracer\src\components\Alert.vue
FN:33,(anonymous_0)
FN:34,(anonymous_1)
FN:38,(anonymous_2)
FN:40,(anonymous_3)
FNF:4
FNH:4
FNDA:3,(anonymous_0)
FNDA:1,(anonymous_1)
FNDA:4,(anonymous_2)
FNDA:4,(anonymous_3)
DA:13,2
DA:15,2
DA:33,3
DA:34,3
DA:35,1
DA:38,4
DA:40,4
DA:42,3
LF:8
LH:8
BRF:0
BRH:0
end_of_record
TN:
SF:C:\Users\Nasir\Desktop\Tahir\ponyracer\src\components\Navbar.vue
FN:26,(anonymous_0)
FN:31,(anonymous_1)
FNF:2
FNH:2
FNDA:8,(anonymous_0)
FNDA:3,(anonymous_1)
DA:21,2
DA:23,2
DA:27,8
DA:31,8
DA:32,3
DA:35,8
LF:6
LH:6
BRF:0
BRH:0
end_of_record
TN:
SF:C:\Users\Nasir\Desktop\Tahir\ponyracer\src\components\Pony.vue
FN:24,(anonymous_0)
FN:26,(anonymous_1)
FN:28,(anonymous_2)
FNF:3
FNH:3
FNDA:7,(anonymous_0)
FNDA:7,(anonymous_1)
FNDA:1,(anonymous_2)
DA:10,3
DA:12,3
DA:24,7
DA:26,7
DA:28,7
DA:29,1
DA:34,7
LF:7
LH:7
BRF:0
BRH:0
end_of_record
TN:
SF:C:\Users\Nasir\Desktop\Tahir\ponyracer\src\components\Race.vue
FN:32,(anonymous_0)
FN:35,(anonymous_1)
FNF:2
FNH:2
FNDA:3,(anonymous_0)
FNDA:3,(anonymous_1)
DA:15,2
DA:16,2
DA:17,2
DA:19,2
DA:35,3
DA:39,3
LF:6
LH:6
BRF:0
BRH:0
end_of_record
TN:
SF:C:\Users\Nasir\Desktop\Tahir\ponyracer\src\composables\RaceService.ts
FN:7,useRaceService
FN:10,(anonymous_1)
FNF:2
FNH:2
FNDA:1,useRaceService
FNDA:1,(anonymous_1)
DA:2,1
DA:5,1
DA:7,1
DA:8,1
DA:12,1
DA:16,1
LF:6
LH:6
BRDA:12,0,0,1
BRF:1
BRH:1
end_of_record
TN:
SF:C:\Users\Nasir\Desktop\Tahir\ponyracer\src\utils\FromNow.ts
FN:3,fromNow
FNF:1
FNH:1
FNDA:4,fromNow
DA:1,3
DA:3,3
DA:4,4
DA:5,4
LF:4
LH:4
BRF:0
BRH:0
end_of_record
